<?xml version="1.0" encoding="UTF-8"?>
<testsuite xmlns:xsi="http://www.w3.org/2001/XMLSchema-instance" xsi:noNamespaceSchemaLocation="https://maven.apache.org/surefire/maven-surefire-plugin/xsd/surefire-test-report.xsd" name="Wulandari.ConnectionTest" time="0.185" tests="1" errors="0" skipped="0" failures="1">
  <properties>
[...]
</properties>
  <testcase name="testConnection" classname="Wulandari.ConnectionTest" time="0.124">
    <failure type="org.opentest4j.AssertionFailedError:">org.opentest4j.AssertionFailedError: 
	at Wulandari.ConnectionTest.testConnection(ConnectionTest.java:34)
Caused by: java.sql.SQLNonTransientConnectionException: Cannot load connection class because of underlying exception: com.mysql.cj.exceptions.WrongArgumentException: Malformed database URL, failed to parse the main URL sections.
	at Wulandari.ConnectionTest.testConnection(ConnectionTest.java:29)
Caused by: com.mysql.cj.exceptions.UnableToConnectException: Cannot load connection class because of underlying exception: com.mysql.cj.exceptions.WrongArgumentException: Malformed database URL, failed to parse the main URL sections.
	at Wulandari.ConnectionTest.testConnection(ConnectionTest.java:29)
Caused by: com.mysql.cj.exceptions.WrongArgumentException: Malformed database URL, failed to parse the main URL sections.
	at Wulandari.ConnectionTest.testConnection(ConnectionTest.java:29)
</failure>
  </testcase>
</testsuite>